<?xml version="1.0" encoding="UTF-8"?>
<!-- Generated by org.testng.reporters.JUnitReportReporter -->
<testsuite hostname="DESKTOP-SNTELLR" failures="0" tests="1" name="com.herokuapp.theinternet.NegativeTests$invalidpasswordTests" time="6.870" errors="0" timestamp="2024-05-09T13:44:58 EDT" skipped="0">
  <testcase classname="com.herokuapp.theinternet.NegativeTests$invalidpasswordTests" name="invalidusernameTests" time="6.870"/>
</testsuite> <!-- com.herokuapp.theinternet.NegativeTests$invalidpasswordTests -->
