<?xml version="1.0" encoding="UTF-8"?>
<!-- Generated by org.testng.reporters.JUnitReportReporter -->
<testsuite hostname="DESKTOP-SNTELLR" failures="0" tests="1" name="com.herokuapp.theinternet.PositiveTests" time="6.789" errors="0" timestamp="2024-05-09T12:22:24 EDT" skipped="0">
  <testcase classname="com.herokuapp.theinternet.PositiveTests" name="loginTests" time="6.789"/>
</testsuite> <!-- com.herokuapp.theinternet.PositiveTests -->
